2026-07-01 01:00:19 | INFO     | cpr_pipeline                 | Log file: C:\Users\navne\Desktop\ISRO_Hackathon\cpr\outputs\logs\cpr_pipeline.log
2026-07-01 01:00:19 | INFO     | cpr_pipeline                 | ==============================================================
2026-07-01 01:00:19 | INFO     | cpr_pipeline                 |   STEP 1  |  Read SLI Metadata
2026-07-01 01:00:19 | INFO     | cpr_pipeline                 | ==============================================================
2026-07-01 01:00:19 | DEBUG    | cpr_pipeline.reader          | Metadata read: ch2_sar_ncxl_20251025t211236510_d_sli_xx_fp_hh_d18.tif  (244W x 272631H)
2026-07-01 01:00:19 | INFO     | cpr_pipeline                 | --------------------------------------------------
2026-07-01 01:00:19 | INFO     | cpr_pipeline                 |   Polarisation : HH
2026-07-01 01:00:19 | INFO     | cpr_pipeline                 |   File         : ch2_sar_ncxl_20251025t211236510_d_sli_xx_fp_hh_d18.tif
2026-07-01 01:00:19 | INFO     | cpr_pipeline                 |   Width        : 244 samples
2026-07-01 01:00:19 | INFO     | cpr_pipeline                 |   Height       : 272631 lines
2026-07-01 01:00:19 | INFO     | cpr_pipeline                 |   Bands        : 2  (Band 1 = Real, Band 2 = Imaginary)
2026-07-01 01:00:19 | INFO     | cpr_pipeline                 |   CRS          : None
2026-07-01 01:00:19 | INFO     | cpr_pipeline                 |   Transform    : | 1.00, 0.00, 0.00|
| 0.00, 1.00, 0.00|
| 0.00, 0.00, 1.00|
2026-07-01 01:00:19 | INFO     | cpr_pipeline                 |   Resolution   : (1.0, 1.0)
2026-07-01 01:00:19 | INFO     | cpr_pipeline                 |   Data type    : ('float32', 'float32')
2026-07-01 01:00:19 | INFO     | cpr_pipeline                 |   NoData value : None
2026-07-01 01:00:19 | DEBUG    | cpr_pipeline.reader          | Metadata read: ch2_sar_ncxl_20251025t211236510_d_sli_xx_fp_hv_d18.tif  (244W x 272631H)
2026-07-01 01:00:19 | INFO     | cpr_pipeline                 | --------------------------------------------------
2026-07-01 01:00:19 | INFO     | cpr_pipeline                 |   Polarisation : HV
2026-07-01 01:00:19 | INFO     | cpr_pipeline                 |   File         : ch2_sar_ncxl_20251025t211236510_d_sli_xx_fp_hv_d18.tif
2026-07-01 01:00:19 | INFO     | cpr_pipeline                 |   Width        : 244 samples
2026-07-01 01:00:19 | INFO     | cpr_pipeline                 |   Height       : 272631 lines
2026-07-01 01:00:19 | INFO     | cpr_pipeline                 |   Bands        : 2  (Band 1 = Real, Band 2 = Imaginary)
2026-07-01 01:00:19 | INFO     | cpr_pipeline                 |   CRS          : None
2026-07-01 01:00:19 | INFO     | cpr_pipeline                 |   Transform    : | 1.00, 0.00, 0.00|
| 0.00, 1.00, 0.00|
| 0.00, 0.00, 1.00|
2026-07-01 01:00:19 | INFO     | cpr_pipeline                 |   Resolution   : (1.0, 1.0)
2026-07-01 01:00:19 | INFO     | cpr_pipeline                 |   Data type    : ('float32', 'float32')
2026-07-01 01:00:19 | INFO     | cpr_pipeline                 |   NoData value : None
2026-07-01 01:00:19 | DEBUG    | cpr_pipeline.reader          | Metadata read: ch2_sar_ncxl_20251025t211236510_d_sli_xx_fp_vh_d18.tif  (244W x 272631H)
2026-07-01 01:00:19 | INFO     | cpr_pipeline                 | --------------------------------------------------
2026-07-01 01:00:19 | INFO     | cpr_pipeline                 |   Polarisation : VH
2026-07-01 01:00:19 | INFO     | cpr_pipeline                 |   File         : ch2_sar_ncxl_20251025t211236510_d_sli_xx_fp_vh_d18.tif
2026-07-01 01:00:19 | INFO     | cpr_pipeline                 |   Width        : 244 samples
2026-07-01 01:00:19 | INFO     | cpr_pipeline                 |   Height       : 272631 lines
2026-07-01 01:00:19 | INFO     | cpr_pipeline                 |   Bands        : 2  (Band 1 = Real, Band 2 = Imaginary)
2026-07-01 01:00:19 | INFO     | cpr_pipeline                 |   CRS          : None
2026-07-01 01:00:19 | INFO     | cpr_pipeline                 |   Transform    : | 1.00, 0.00, 0.00|
| 0.00, 1.00, 0.00|
| 0.00, 0.00, 1.00|
2026-07-01 01:00:19 | INFO     | cpr_pipeline                 |   Resolution   : (1.0, 1.0)
2026-07-01 01:00:19 | INFO     | cpr_pipeline                 |   Data type    : ('float32', 'float32')
2026-07-01 01:00:19 | INFO     | cpr_pipeline                 |   NoData value : None
2026-07-01 01:00:19 | DEBUG    | cpr_pipeline.reader          | Metadata read: ch2_sar_ncxl_20251025t211236510_d_sli_xx_fp_vv_d18.tif  (244W x 272631H)
2026-07-01 01:00:19 | INFO     | cpr_pipeline                 | --------------------------------------------------
2026-07-01 01:00:19 | INFO     | cpr_pipeline                 |   Polarisation : VV
2026-07-01 01:00:19 | INFO     | cpr_pipeline                 |   File         : ch2_sar_ncxl_20251025t211236510_d_sli_xx_fp_vv_d18.tif
2026-07-01 01:00:19 | INFO     | cpr_pipeline                 |   Width        : 244 samples
2026-07-01 01:00:19 | INFO     | cpr_pipeline                 |   Height       : 272631 lines
2026-07-01 01:00:19 | INFO     | cpr_pipeline                 |   Bands        : 2  (Band 1 = Real, Band 2 = Imaginary)
2026-07-01 01:00:19 | INFO     | cpr_pipeline                 |   CRS          : None
2026-07-01 01:00:19 | INFO     | cpr_pipeline                 |   Transform    : | 1.00, 0.00, 0.00|
| 0.00, 1.00, 0.00|
| 0.00, 0.00, 1.00|
2026-07-01 01:00:19 | INFO     | cpr_pipeline                 |   Resolution   : (1.0, 1.0)
2026-07-01 01:00:19 | INFO     | cpr_pipeline                 |   Data type    : ('float32', 'float32')
2026-07-01 01:00:19 | INFO     | cpr_pipeline                 |   NoData value : None
2026-07-01 01:00:19 | INFO     | cpr_pipeline                 | 
  Scene dimensions : 244 samples (range) x 272631 lines (azimuth)
2026-07-01 01:00:19 | INFO     | cpr_pipeline                 |   Pixel spacing    : 1.0 m (range) x 1.0 m (azimuth)
2026-07-01 01:00:19 | INFO     | cpr_pipeline                 | ==============================================================
2026-07-01 01:00:19 | INFO     | cpr_pipeline                 |   STEP 2  |  Validate Raster Consistency
2026-07-01 01:00:19 | INFO     | cpr_pipeline                 | ==============================================================
2026-07-01 01:00:19 | INFO     | cpr_pipeline.validator       | Consistency check PASSED: all 4 bands share identical dimensions (244W x 272631H), CRS, transform, resolution.
2026-07-01 01:00:19 | INFO     | cpr_pipeline                 | ==============================================================
2026-07-01 01:00:19 | INFO     | cpr_pipeline                 |   STEP 3  |  Load HH, VV -> Form OC = S_HH + S_VV
2026-07-01 01:00:19 | INFO     | cpr_pipeline                 | ==============================================================
2026-07-01 01:00:19 | INFO     | cpr_pipeline                 | Loading HH complex SLC ...
2026-07-01 01:00:24 | INFO     | cpr_pipeline.reader          |   Loaded HH: shape=(272631, 244)  dtype=complex64  mem=507.5 MB
2026-07-01 01:00:24 | INFO     | cpr_pipeline                 |   HH loaded in 5.28 s  (508 MB)
2026-07-01 01:00:24 | INFO     | cpr_pipeline                 | Loading VV complex SLC ...
2026-07-01 01:00:29 | INFO     | cpr_pipeline.reader          |   Loaded VV: shape=(272631, 244)  dtype=complex64  mem=507.5 MB
2026-07-01 01:00:30 | INFO     | cpr_pipeline                 |   VV loaded in 5.61 s  (508 MB)
2026-07-01 01:00:30 | INFO     | cpr_pipeline                 |   OC field formed  (508 MB complex64)
2026-07-01 01:00:31 | INFO     | cpr_pipeline                 |   S_HH and S_VV freed from memory.
2026-07-01 01:00:31 | INFO     | cpr_pipeline                 | ==============================================================
2026-07-01 01:00:31 | INFO     | cpr_pipeline                 |   STEP 4  |  Load HV, VH -> Form SC = (S_HH - S_VV) + 2j * S_XP
2026-07-01 01:00:31 | INFO     | cpr_pipeline                 | ==============================================================
2026-07-01 01:00:31 | INFO     | cpr_pipeline                 | Loading HV complex SLC ...
2026-07-01 01:00:37 | INFO     | cpr_pipeline.reader          |   Loaded HV: shape=(272631, 244)  dtype=complex64  mem=507.5 MB
2026-07-01 01:00:38 | INFO     | cpr_pipeline                 |   HV loaded in 6.33 s  (508 MB)
2026-07-01 01:00:38 | INFO     | cpr_pipeline                 | Loading VH complex SLC ...
2026-07-01 01:00:42 | INFO     | cpr_pipeline.reader          |   Loaded VH: shape=(272631, 244)  dtype=complex64  mem=507.5 MB
2026-07-01 01:00:42 | INFO     | cpr_pipeline                 |   VH loaded in 4.76 s  (508 MB)
2026-07-01 01:00:43 | INFO     | cpr_pipeline                 |   S_XP (averaged cross-pol) formed; HV and VH freed.
2026-07-01 01:00:46 | INFO     | cpr_pipeline                 |   SC field formed  (508 MB complex64)
2026-07-01 01:00:48 | INFO     | cpr_pipeline                 |   |OC| RMS = 2.463e+03    |SC| RMS = 9.686e+02
2026-07-01 01:00:48 | INFO     | cpr_pipeline                 | ==============================================================
2026-07-01 01:00:48 | INFO     | cpr_pipeline                 |   STEP 5  |  Single-Look Power  |SC|^2 and |OC|^2
2026-07-01 01:00:48 | INFO     | cpr_pipeline                 | ==============================================================
2026-07-01 01:00:49 | DEBUG    | cpr_pipeline.complex_builder |   Power SC: min=0.0000e+00  max=7.0372e+08  mean=9.3823e+05
2026-07-01 01:00:49 | INFO     | cpr_pipeline                 |   P_SC formed  (254 MB float32)
2026-07-01 01:00:50 | DEBUG    | cpr_pipeline.complex_builder |   Power OC: min=0.0000e+00  max=2.0148e+10  mean=6.0678e+06
2026-07-01 01:00:50 | INFO     | cpr_pipeline                 |   P_OC formed  (254 MB float32)
2026-07-01 01:00:52 | INFO     | cpr_pipeline                 |   [P_SC (single-look)]
2026-07-01 01:00:52 | INFO     | cpr_pipeline                 |     Min    : 3.615296e-03
2026-07-01 01:00:52 | INFO     | cpr_pipeline                 |     Max    : 7.037208e+08
2026-07-01 01:00:52 | INFO     | cpr_pipeline                 |     Mean   : 9.420864e+05
2026-07-01 01:00:52 | INFO     | cpr_pipeline                 |     Median : 4.600332e+05
2026-07-01 01:00:52 | INFO     | cpr_pipeline                 |     Std    : 2.043604e+06
2026-07-01 01:00:52 | INFO     | cpr_pipeline                 |     NaN    : 0
2026-07-01 01:00:52 | INFO     | cpr_pipeline                 |     Inf    : 0
2026-07-01 01:00:52 | INFO     | cpr_pipeline                 |     Valid  : 66249333 / 66521964
2026-07-01 01:00:54 | INFO     | cpr_pipeline                 |   [P_OC (single-look)]
2026-07-01 01:00:54 | INFO     | cpr_pipeline                 |     Min    : 1.865403e-02
2026-07-01 01:00:54 | INFO     | cpr_pipeline                 |     Max    : 2.014808e+10
2026-07-01 01:00:54 | INFO     | cpr_pipeline                 |     Mean   : 6.092756e+06
2026-07-01 01:00:54 | INFO     | cpr_pipeline                 |     Median : 2.415850e+06
2026-07-01 01:00:54 | INFO     | cpr_pipeline                 |     Std    : 2.627979e+07
2026-07-01 01:00:54 | INFO     | cpr_pipeline                 |     NaN    : 0
2026-07-01 01:00:54 | INFO     | cpr_pipeline                 |     Inf    : 0
2026-07-01 01:00:54 | INFO     | cpr_pipeline                 |     Valid  : 66249333 / 66521964
2026-07-01 01:00:54 | INFO     | cpr_pipeline                 | ==============================================================
2026-07-01 01:00:54 | INFO     | cpr_pipeline                 |   STEP 6  |  Multilook Filtering
2026-07-01 01:00:54 | INFO     | cpr_pipeline                 | ==============================================================
2026-07-01 01:00:54 | INFO     | cpr_pipeline                 | Applying box-car filter: (19 az x 3 rg)  -- 57 effective looks
2026-07-01 01:00:57 | INFO     | cpr_pipeline.complex_builder |   Multilook SC: window=(19az x 3rg)  effective looks=57  ml_min=1.5010e+03  ml_max=1.4777e+08
2026-07-01 01:01:01 | INFO     | cpr_pipeline.complex_builder |   Multilook OC: window=(19az x 3rg)  effective looks=57  ml_min=7.2270e+03  ml_max=5.6925e+09
2026-07-01 01:01:01 | INFO     | cpr_pipeline                 |   Multilook done in 7.23 s
2026-07-01 01:01:03 | INFO     | cpr_pipeline                 |   [ML_SC]
2026-07-01 01:01:03 | INFO     | cpr_pipeline                 |     Min    : 1.500981e+03
2026-07-01 01:01:03 | INFO     | cpr_pipeline                 |     Max    : 1.477719e+08
2026-07-01 01:01:03 | INFO     | cpr_pipeline                 |     Mean   : 9.382254e+05
2026-07-01 01:01:03 | INFO     | cpr_pipeline                 |     Median : 6.175683e+05
2026-07-01 01:01:03 | INFO     | cpr_pipeline                 |     Std    : 1.311180e+06
2026-07-01 01:01:03 | INFO     | cpr_pipeline                 |     NaN    : 0
2026-07-01 01:01:03 | INFO     | cpr_pipeline                 |     Inf    : 0
2026-07-01 01:01:03 | INFO     | cpr_pipeline                 |     Valid  : 66521964 / 66521964
2026-07-01 01:01:04 | INFO     | cpr_pipeline                 |   [ML_OC]
2026-07-01 01:01:04 | INFO     | cpr_pipeline                 |     Min    : 7.226995e+03
2026-07-01 01:01:04 | INFO     | cpr_pipeline                 |     Max    : 5.692485e+09
2026-07-01 01:01:04 | INFO     | cpr_pipeline                 |     Mean   : 6.067786e+06
2026-07-01 01:01:04 | INFO     | cpr_pipeline                 |     Median : 3.326636e+06
2026-07-01 01:01:04 | INFO     | cpr_pipeline                 |     Std    : 1.748860e+07
2026-07-01 01:01:04 | INFO     | cpr_pipeline                 |     NaN    : 0
2026-07-01 01:01:04 | INFO     | cpr_pipeline                 |     Inf    : 0
2026-07-01 01:01:04 | INFO     | cpr_pipeline                 |     Valid  : 66521964 / 66521964
2026-07-01 01:01:04 | INFO     | cpr_pipeline                 | ==============================================================
2026-07-01 01:01:04 | INFO     | cpr_pipeline                 |   STEP 7  |  Compute CPR = ML_SC / ML_OC
2026-07-01 01:01:04 | INFO     | cpr_pipeline                 | ==============================================================
2026-07-01 01:01:04 | INFO     | cpr_pipeline                 | Formula: CPR = mean(|S_HH - S_VV + 2j*S_HV|^2) / mean(|S_HH + S_VV|^2)
         (circular basis conversion, Putrevu et al. 2023)
2026-07-01 01:01:04 | INFO     | cpr_pipeline                 |   epsilon = 1e-10   nodata = -9999.0
2026-07-01 01:01:07 | DEBUG    | cpr_pipeline.cpr             |   CPR computed: total=66521964  bad/nodata=0  valid=66521964
2026-07-01 01:01:09 | DEBUG    | cpr_pipeline.cpr             |   CPR valid: min=0.0018  max=14.8484  mean=0.2313  median=0.1892
2026-07-01 01:01:09 | INFO     | cpr_pipeline                 |   CPR computation done in 4.38 s
2026-07-01 01:01:09 | INFO     | cpr_pipeline                 | ==============================================================
2026-07-01 01:01:09 | INFO     | cpr_pipeline                 |   STEP 8  |  CPR Statistics & Histogram
2026-07-01 01:01:09 | INFO     | cpr_pipeline                 | ==============================================================
2026-07-01 01:01:15 | INFO     | cpr_pipeline                 |   [CPR]
2026-07-01 01:01:15 | INFO     | cpr_pipeline                 |     Min    : 1.809042e-03
2026-07-01 01:01:15 | INFO     | cpr_pipeline                 |     Max    : 1.484839e+01
2026-07-01 01:01:15 | INFO     | cpr_pipeline                 |     Mean   : 2.313126e-01
2026-07-01 01:01:15 | INFO     | cpr_pipeline                 |     Median : 1.891943e-01
2026-07-01 01:01:15 | INFO     | cpr_pipeline                 |     Std    : 1.729751e-01
2026-07-01 01:01:15 | INFO     | cpr_pipeline                 |     NaN    : 0
2026-07-01 01:01:16 | INFO     | cpr_pipeline                 |     Inf    : 0
2026-07-01 01:01:16 | INFO     | cpr_pipeline                 |     Valid  : 66521964 / 66521964
2026-07-01 01:01:18 | INFO     | cpr_pipeline                 |   Percentiles:
2026-07-01 01:01:21 | INFO     | cpr_pipeline                 |     P01 = 0.0296
2026-07-01 01:01:26 | INFO     | cpr_pipeline                 |     P05 = 0.0553
2026-07-01 01:01:29 | INFO     | cpr_pipeline                 |     P10 = 0.0751
2026-07-01 01:01:33 | INFO     | cpr_pipeline                 |     P25 = 0.1193
2026-07-01 01:01:36 | INFO     | cpr_pipeline                 |     P50 = 0.1892
2026-07-01 01:01:39 | INFO     | cpr_pipeline                 |     P75 = 0.2921
2026-07-01 01:01:41 | INFO     | cpr_pipeline                 |     P90 = 0.4308
2026-07-01 01:01:42 | INFO     | cpr_pipeline                 |     P95 = 0.5462
2026-07-01 01:01:42 | INFO     | cpr_pipeline                 |     P99 = 0.8653
2026-07-01 01:01:43 | INFO     | cpr_pipeline                 |   Pixels with CPR > 1.0 : 0.56%  (ice candidates)
2026-07-01 01:01:48 | INFO     | cpr_pipeline.visualizer      |   Saved histogram: CPR_histogram.png
2026-07-01 01:01:48 | INFO     | cpr_pipeline                 | ==============================================================
2026-07-01 01:01:48 | INFO     | cpr_pipeline                 |   STEP 9  |  Save Preview Images
2026-07-01 01:01:48 | INFO     | cpr_pipeline                 | ==============================================================
2026-07-01 01:01:48 | INFO     | cpr_pipeline                 | Downsample factor: 1:100
2026-07-01 01:01:49 | INFO     | cpr_pipeline.visualizer      |   Saved: SC_power.png  [C:\Users\navne\Desktop\ISRO_Hackathon\cpr\outputs\previews\SC_power.png]
2026-07-01 01:01:50 | INFO     | cpr_pipeline.visualizer      |   Saved: OC_power.png  [C:\Users\navne\Desktop\ISRO_Hackathon\cpr\outputs\previews\OC_power.png]
2026-07-01 01:01:51 | INFO     | cpr_pipeline.visualizer      |   Saved: CPR.png  [C:\Users\navne\Desktop\ISRO_Hackathon\cpr\outputs\previews\CPR.png]
2026-07-01 01:01:51 | INFO     | cpr_pipeline                 |   All previews saved to: C:\Users\navne\Desktop\ISRO_Hackathon\cpr\outputs\previews
2026-07-01 01:01:51 | INFO     | cpr_pipeline                 | ==============================================================
2026-07-01 01:01:51 | INFO     | cpr_pipeline                 |   STEP 10  |  Save Calculated_CPR.tif
2026-07-01 01:01:51 | INFO     | cpr_pipeline                 | ==============================================================
2026-07-01 01:01:51 | INFO     | cpr_pipeline                 | Writing Calculated_CPR.tif (244W x 272631H, float32, LZW) ...
2026-07-01 01:01:57 | INFO     | cpr_pipeline                 |   Done in 5.30 s
2026-07-01 01:01:57 | INFO     | cpr_pipeline                 |   Saved : C:\Users\navne\Desktop\ISRO_Hackathon\cpr\outputs\cpr\Calculated_CPR.tif
2026-07-01 01:01:57 | INFO     | cpr_pipeline                 |   Size  : 286.4 MB
2026-07-01 01:01:57 | INFO     | cpr_pipeline                 | ==============================================================
2026-07-01 01:01:57 | INFO     | cpr_pipeline                 |   STEP 11  |  Diagnostic Report
2026-07-01 01:01:57 | INFO     | cpr_pipeline                 | ==============================================================
2026-07-01 01:01:57 | INFO     | cpr_pipeline                 | 
  -------------------------------------------------------
  Chandrayaan-2 DFSAR Full-Pol SLI -> CPR Pipeline
  -------------------------------------------------------
  Formula       : CPR = mean(|SC|^2) / mean(|OC|^2)
                  SC = S_HH - S_VV + 2j*(S_HV+S_VH)/2
                  OC = S_HH + S_VV
  Reference     : Putrevu et al. (2023) JGR Planets

  INPUT RASTERS
  -------------------------------------------------------
  Dimensions    : 244 x 272631  (range x azimuth)
  Bands         : 2 per file (Band1=Real, Band2=Imag)
  Dtype         : float32 (complex SLC, I/Q)

  PROCESSING
  -------------------------------------------------------
  Multilook     : (19, 3)  az x rg  = 57 looks
  Epsilon       : 1e-10

  CPR STATISTICS
  -------------------------------------------------------
  Min           : 0.001809
  Max           : 14.848388
  Mean          : 0.231313
  Median        : 0.189194
  Std           : 0.172975
  Valid pixels  : 66,521,964 / 66,521,964  (100.00%)
  CPR > 1 (ice) : 0.56%
  NoData        : 0
  NaN / Inf     : 0 / 0

  EXPECTED RANGE (Putrevu et al. 2023)
  -------------------------------------------------------
  Bare regolith : 0.05 - 0.5
  Ice candidates: > 1.0
  Official mosaic median: ~0.21

  OUTPUT FILES
  -------------------------------------------------------
  CPR GeoTIFF   : C:\Users\navne\Desktop\ISRO_Hackathon\cpr\outputs\cpr\Calculated_CPR.tif
  SC preview    : C:\Users\navne\Desktop\ISRO_Hackathon\cpr\outputs\previews\SC_power.png
  OC preview    : C:\Users\navne\Desktop\ISRO_Hackathon\cpr\outputs\previews\OC_power.png
  CPR preview   : C:\Users\navne\Desktop\ISRO_Hackathon\cpr\outputs\previews\CPR.png
  CPR histogram : C:\Users\navne\Desktop\ISRO_Hackathon\cpr\outputs\previews\CPR_histogram.png
  Log file      : C:\Users\navne\Desktop\ISRO_Hackathon\cpr\outputs\logs\cpr_pipeline.log

  TOTAL RUNTIME : 1.6 min
  -------------------------------------------------------

2026-07-01 01:01:57 | INFO     | cpr_pipeline                 | Pipeline completed successfully.
